<?xml version="1.0" encoding="UTF-8" ?>
<testsuite failures="0" time="0.03" errors="0" skipped="0" tests="1" name="com.dreammore.framework.AppTest">
  <properties>
    <property name="java.runtime.name" value="Java(TM) SE Runtime Environment"/>
    <property name="sun.boot.library.path" value="C:\Program Files\Java\jdk1.6.0_41\jre\bin"/>
    <property name="java.vm.version" value="20.14-b01"/>
    <property name="java.vm.vendor" value="Sun Microsystems Inc."/>
    <property name="java.vendor.url" value="http://java.sun.com/"/>
    <property name="path.separator" value=";"/>
    <property name="java.vm.name" value="Java HotSpot(TM) 64-Bit Server VM"/>
    <property name="file.encoding.pkg" value="sun.io"/>
    <property name="user.country" value="CN"/>
    <property name="sun.java.launcher" value="SUN_STANDARD"/>
    <property name="sun.os.patch.level" value="Service Pack 1"/>
    <property name="java.vm.specification.name" value="Java Virtual Machine Specification"/>
    <property name="user.dir" value="H:\WORKSPACE\02\framework"/>
    <property name="java.runtime.version" value="1.6.0_41-b02"/>
    <property name="java.awt.graphicsenv" value="sun.awt.Win32GraphicsEnvironment"/>
    <property name="basedir" value="H:\WORKSPACE\02\framework"/>
    <property name="java.endorsed.dirs" value="C:\Program Files\Java\jdk1.6.0_41\jre\lib\endorsed"/>
    <property name="os.arch" value="amd64"/>
    <property name="surefire.real.class.path" value="H:\WORKSPACE\02\framework\target\surefire\surefirebooter2371978026368159881.jar"/>
    <property name="java.io.tmpdir" value="C:\Users\Dreamone\AppData\Local\Temp\"/>
    <property name="line.separator" value="
"/>
    <property name="java.vm.specification.vendor" value="Sun Microsystems Inc."/>
    <property name="user.variant" value=""/>
    <property name="os.name" value="Windows 7"/>
    <property name="sun.jnu.encoding" value="GBK"/>
    <property name="java.library.path" value="C:\Program Files\Java\jdk1.6.0_41\jre\bin;C:\Windows\Sun\Java\bin;C:\Windows\system32;C:\Windows;C:\Program Files\Common Files\Microsoft Shared\Windows Live;C:\Program Files (x86)\Common Files\Microsoft Shared\Windows Live;C:\Program Files (x86)\NVIDIA Corporation\PhysX\Common;C:\Windows\system32;C:\Windows;C:\Windows\System32\Wbem;C:\Windows\System32\WindowsPowerShell\v1.0\;C:\Program Files (x86)\Windows Live\Shared;C:\Program Files (x86)\Intel\Services\IPT\;C:\Program Files (x86)\Symantec\VIP Access Client\;H:\IDE\MinGW\bin;C:\Program Files\Java\jdk1.6.0_41\bin;H:\IDE\ANT\apache-ant-1.9.2\bin;H:\IDE\MAVEN\apache-maven-3.0.4\bin;C:\Program Files (x86)\SSH Communications Security\SSH Secure Shell;."/>
    <property name="surefire.test.class.path" value="H:\WORKSPACE\02\framework\target\test-classes;H:\WORKSPACE\02\framework\target\classes;H:\IDE\MAVEN\apache-maven-3.0.4\.m2\repository\javax\servlet\servlet-api\2.5\servlet-api-2.5.jar;H:\IDE\MAVEN\apache-maven-3.0.4\.m2\repository\org\hibernate\javax\persistence\hibernate-jpa-2.0-api\1.0.1.Final\hibernate-jpa-2.0-api-1.0.1.Final.jar;H:\IDE\MAVEN\apache-maven-3.0.4\.m2\repository\org\apache\commons\commons-email\1.2\commons-email-1.2.jar;H:\IDE\MAVEN\apache-maven-3.0.4\.m2\repository\javax\mail\mail\1.4.1\mail-1.4.1.jar;H:\IDE\MAVEN\apache-maven-3.0.4\.m2\repository\javax\activation\activation\1.1\activation-1.1.jar;H:\IDE\MAVEN\apache-maven-3.0.4\.m2\repository\mysql\mysql-connector-java\5.1.18\mysql-connector-java-5.1.18.jar;H:\IDE\MAVEN\apache-maven-3.0.4\.m2\repository\org\slf4j\slf4j-log4j12\1.6.1\slf4j-log4j12-1.6.1.jar;H:\IDE\MAVEN\apache-maven-3.0.4\.m2\repository\org\slf4j\slf4j-api\1.6.1\slf4j-api-1.6.1.jar;H:\IDE\MAVEN\apache-maven-3.0.4\.m2\repository\log4j\log4j\1.2.16\log4j-1.2.16.jar;H:\IDE\MAVEN\apache-maven-3.0.4\.m2\repository\org\quartz-scheduler\quartz\1.8.4\quartz-1.8.4.jar;H:\IDE\MAVEN\apache-maven-3.0.4\.m2\repository\javax\transaction\jta\1.1\jta-1.1.jar;H:\IDE\MAVEN\apache-maven-3.0.4\.m2\repository\org\apache\httpcomponents\httpclient\4.2.2\httpclient-4.2.2.jar;H:\IDE\MAVEN\apache-maven-3.0.4\.m2\repository\org\apache\httpcomponents\httpcore\4.2.2\httpcore-4.2.2.jar;H:\IDE\MAVEN\apache-maven-3.0.4\.m2\repository\commons-logging\commons-logging\1.1.1\commons-logging-1.1.1.jar;H:\IDE\MAVEN\apache-maven-3.0.4\.m2\repository\commons-codec\commons-codec\1.6\commons-codec-1.6.jar;H:\IDE\MAVEN\apache-maven-3.0.4\.m2\repository\org\apache\httpcomponents\httpclient-cache\4.2.2\httpclient-cache-4.2.2.jar;H:\IDE\MAVEN\apache-maven-3.0.4\.m2\repository\org\apache\httpcomponents\httpmime\4.2.2\httpmime-4.2.2.jar;H:\IDE\MAVEN\apache-maven-3.0.4\.m2\repository\org\springframework\spring-test\3.0.5.RELEASE\spring-test-3.0.5.RELEASE.jar;H:\IDE\MAVEN\apache-maven-3.0.4\.m2\repository\org\springframework\spring-orm\3.0.5.RELEASE\spring-orm-3.0.5.RELEASE.jar;H:\IDE\MAVEN\apache-maven-3.0.4\.m2\repository\org\springframework\spring-jdbc\3.0.5.RELEASE\spring-jdbc-3.0.5.RELEASE.jar;H:\IDE\MAVEN\apache-maven-3.0.4\.m2\repository\org\springframework\spring-core\3.1.1.RELEASE\spring-core-3.1.1.RELEASE.jar;H:\IDE\MAVEN\apache-maven-3.0.4\.m2\repository\org\springframework\spring-asm\3.1.1.RELEASE\spring-asm-3.1.1.RELEASE.jar;H:\IDE\MAVEN\apache-maven-3.0.4\.m2\repository\org\springframework\spring-tx\3.1.1.RELEASE\spring-tx-3.1.1.RELEASE.jar;H:\IDE\MAVEN\apache-maven-3.0.4\.m2\repository\aopalliance\aopalliance\1.0\aopalliance-1.0.jar;H:\IDE\MAVEN\apache-maven-3.0.4\.m2\repository\org\springframework\spring-aop\3.1.1.RELEASE\spring-aop-3.1.1.RELEASE.jar;H:\IDE\MAVEN\apache-maven-3.0.4\.m2\repository\org\springframework\spring-context\3.1.1.RELEASE\spring-context-3.1.1.RELEASE.jar;H:\IDE\MAVEN\apache-maven-3.0.4\.m2\repository\org\springframework\spring-beans\3.1.1.RELEASE\spring-beans-3.1.1.RELEASE.jar;H:\IDE\MAVEN\apache-maven-3.0.4\.m2\repository\org\springframework\spring-webmvc\3.1.1.RELEASE\spring-webmvc-3.1.1.RELEASE.jar;H:\IDE\MAVEN\apache-maven-3.0.4\.m2\repository\org\springframework\spring-context-support\3.1.1.RELEASE\spring-context-support-3.1.1.RELEASE.jar;H:\IDE\MAVEN\apache-maven-3.0.4\.m2\repository\org\springframework\spring-expression\3.1.1.RELEASE\spring-expression-3.1.1.RELEASE.jar;H:\IDE\MAVEN\apache-maven-3.0.4\.m2\repository\org\springframework\spring-web\3.1.1.RELEASE\spring-web-3.1.1.RELEASE.jar;H:\IDE\MAVEN\apache-maven-3.0.4\.m2\repository\c3p0\c3p0\0.9.1.2\c3p0-0.9.1.2.jar;H:\IDE\MAVEN\apache-maven-3.0.4\.m2\repository\org\apache\velocity\velocity\1.6.2\velocity-1.6.2.jar;H:\IDE\MAVEN\apache-maven-3.0.4\.m2\repository\commons-collections\commons-collections\3.2.1\commons-collections-3.2.1.jar;H:\IDE\MAVEN\apache-maven-3.0.4\.m2\repository\commons-lang\commons-lang\2.4\commons-lang-2.4.jar;H:\IDE\MAVEN\apache-maven-3.0.4\.m2\repository\oro\oro\2.0.8\oro-2.0.8.jar;H:\IDE\MAVEN\apache-maven-3.0.4\.m2\repository\org\apache\velocity\velocity-tools\2.0\velocity-tools-2.0.jar;H:\IDE\MAVEN\apache-maven-3.0.4\.m2\repository\commons-beanutils\commons-beanutils\1.7.0\commons-beanutils-1.7.0.jar;H:\IDE\MAVEN\apache-maven-3.0.4\.m2\repository\commons-digester\commons-digester\1.8\commons-digester-1.8.jar;H:\IDE\MAVEN\apache-maven-3.0.4\.m2\repository\commons-chain\commons-chain\1.1\commons-chain-1.1.jar;H:\IDE\MAVEN\apache-maven-3.0.4\.m2\repository\commons-validator\commons-validator\1.3.1\commons-validator-1.3.1.jar;H:\IDE\MAVEN\apache-maven-3.0.4\.m2\repository\dom4j\dom4j\1.6.1\dom4j-1.6.1.jar;H:\IDE\MAVEN\apache-maven-3.0.4\.m2\repository\xml-apis\xml-apis\1.0.b2\xml-apis-1.0.b2.jar;H:\IDE\MAVEN\apache-maven-3.0.4\.m2\repository\org\hibernate\hibernate-core\3.6.5.Final\hibernate-core-3.6.5.Final.jar;H:\IDE\MAVEN\apache-maven-3.0.4\.m2\repository\antlr\antlr\2.7.6\antlr-2.7.6.jar;H:\IDE\MAVEN\apache-maven-3.0.4\.m2\repository\org\hibernate\hibernate-commons-annotations\3.2.0.Final\hibernate-commons-annotations-3.2.0.Final.jar;H:\IDE\MAVEN\apache-maven-3.0.4\.m2\repository\net\sf\ehcache\ehcache\1.2.4\ehcache-1.2.4.jar;H:\IDE\MAVEN\apache-maven-3.0.4\.m2\repository\org\hibernate\hibernate-validator\4.2.0.Final\hibernate-validator-4.2.0.Final.jar;H:\IDE\MAVEN\apache-maven-3.0.4\.m2\repository\javax\validation\validation-api\1.0.0.GA\validation-api-1.0.0.GA.jar;H:\IDE\MAVEN\apache-maven-3.0.4\.m2\repository\cglib\cglib-nodep\2.2.2\cglib-nodep-2.2.2.jar;H:\IDE\MAVEN\apache-maven-3.0.4\.m2\repository\org\javassist\javassist\3.15.0-GA\javassist-3.15.0-GA.jar;H:\IDE\MAVEN\apache-maven-3.0.4\.m2\repository\org\codehaus\jackson\jackson-core-lgpl\1.9.3\jackson-core-lgpl-1.9.3.jar;H:\IDE\MAVEN\apache-maven-3.0.4\.m2\repository\org\codehaus\jackson\jackson-mapper-lgpl\1.9.3\jackson-mapper-lgpl-1.9.3.jar;H:\IDE\MAVEN\apache-maven-3.0.4\.m2\repository\com\google\code\gson\gson\1.4\gson-1.4.jar;H:\IDE\MAVEN\apache-maven-3.0.4\.m2\repository\org\apache\solr\solr-solrj\3.5.0\solr-solrj-3.5.0.jar;H:\IDE\MAVEN\apache-maven-3.0.4\.m2\repository\commons-httpclient\commons-httpclient\3.1\commons-httpclient-3.1.jar;H:\IDE\MAVEN\apache-maven-3.0.4\.m2\repository\commons-io\commons-io\1.4\commons-io-1.4.jar;H:\IDE\MAVEN\apache-maven-3.0.4\.m2\repository\org\slf4j\jcl-over-slf4j\1.6.1\jcl-over-slf4j-1.6.1.jar;H:\IDE\MAVEN\apache-maven-3.0.4\.m2\repository\org\apache\poi\poi\3.8\poi-3.8.jar;H:\IDE\MAVEN\apache-maven-3.0.4\.m2\repository\org\apache\poi\poi-ooxml\3.8\poi-ooxml-3.8.jar;H:\IDE\MAVEN\apache-maven-3.0.4\.m2\repository\org\apache\poi\poi-ooxml-schemas\3.8\poi-ooxml-schemas-3.8.jar;H:\IDE\MAVEN\apache-maven-3.0.4\.m2\repository\org\apache\xmlbeans\xmlbeans\2.3.0\xmlbeans-2.3.0.jar;H:\IDE\MAVEN\apache-maven-3.0.4\.m2\repository\stax\stax-api\1.0.1\stax-api-1.0.1.jar;H:\IDE\MAVEN\apache-maven-3.0.4\.m2\repository\net\sf\opencsv\opencsv\2.3\opencsv-2.3.jar;H:\IDE\MAVEN\apache-maven-3.0.4\.m2\repository\commons-fileupload\commons-fileupload\1.2\commons-fileupload-1.2.jar;H:\IDE\MAVEN\apache-maven-3.0.4\.m2\repository\org\apache\ant\ant\1.7.1\ant-1.7.1.jar;H:\IDE\MAVEN\apache-maven-3.0.4\.m2\repository\org\apache\ant\ant-launcher\1.7.1\ant-launcher-1.7.1.jar;H:\IDE\MAVEN\apache-maven-3.0.4\.m2\repository\jfree\jfreechart\1.0.13\jfreechart-1.0.13.jar;H:\IDE\MAVEN\apache-maven-3.0.4\.m2\repository\jfree\jcommon\1.0.16\jcommon-1.0.16.jar;H:\IDE\MAVEN\apache-maven-3.0.4\.m2\repository\junit\junit\4.8.1\junit-4.8.1.jar;"/>
    <property name="java.specification.name" value="Java Platform API Specification"/>
    <property name="java.class.version" value="50.0"/>
    <property name="sun.management.compiler" value="HotSpot 64-Bit Tiered Compilers"/>
    <property name="os.version" value="6.1"/>
    <property name="user.home" value="C:\Users\Dreamone"/>
    <property name="user.timezone" value=""/>
    <property name="java.awt.printerjob" value="sun.awt.windows.WPrinterJob"/>
    <property name="java.specification.version" value="1.6"/>
    <property name="file.encoding" value="GBK"/>
    <property name="user.name" value="Dreamone"/>
    <property name="java.class.path" value="H:\WORKSPACE\02\framework\target\test-classes;H:\WORKSPACE\02\framework\target\classes;H:\IDE\MAVEN\apache-maven-3.0.4\.m2\repository\javax\servlet\servlet-api\2.5\servlet-api-2.5.jar;H:\IDE\MAVEN\apache-maven-3.0.4\.m2\repository\org\hibernate\javax\persistence\hibernate-jpa-2.0-api\1.0.1.Final\hibernate-jpa-2.0-api-1.0.1.Final.jar;H:\IDE\MAVEN\apache-maven-3.0.4\.m2\repository\org\apache\commons\commons-email\1.2\commons-email-1.2.jar;H:\IDE\MAVEN\apache-maven-3.0.4\.m2\repository\javax\mail\mail\1.4.1\mail-1.4.1.jar;H:\IDE\MAVEN\apache-maven-3.0.4\.m2\repository\javax\activation\activation\1.1\activation-1.1.jar;H:\IDE\MAVEN\apache-maven-3.0.4\.m2\repository\mysql\mysql-connector-java\5.1.18\mysql-connector-java-5.1.18.jar;H:\IDE\MAVEN\apache-maven-3.0.4\.m2\repository\org\slf4j\slf4j-log4j12\1.6.1\slf4j-log4j12-1.6.1.jar;H:\IDE\MAVEN\apache-maven-3.0.4\.m2\repository\org\slf4j\slf4j-api\1.6.1\slf4j-api-1.6.1.jar;H:\IDE\MAVEN\apache-maven-3.0.4\.m2\repository\log4j\log4j\1.2.16\log4j-1.2.16.jar;H:\IDE\MAVEN\apache-maven-3.0.4\.m2\repository\org\quartz-scheduler\quartz\1.8.4\quartz-1.8.4.jar;H:\IDE\MAVEN\apache-maven-3.0.4\.m2\repository\javax\transaction\jta\1.1\jta-1.1.jar;H:\IDE\MAVEN\apache-maven-3.0.4\.m2\repository\org\apache\httpcomponents\httpclient\4.2.2\httpclient-4.2.2.jar;H:\IDE\MAVEN\apache-maven-3.0.4\.m2\repository\org\apache\httpcomponents\httpcore\4.2.2\httpcore-4.2.2.jar;H:\IDE\MAVEN\apache-maven-3.0.4\.m2\repository\commons-logging\commons-logging\1.1.1\commons-logging-1.1.1.jar;H:\IDE\MAVEN\apache-maven-3.0.4\.m2\repository\commons-codec\commons-codec\1.6\commons-codec-1.6.jar;H:\IDE\MAVEN\apache-maven-3.0.4\.m2\repository\org\apache\httpcomponents\httpclient-cache\4.2.2\httpclient-cache-4.2.2.jar;H:\IDE\MAVEN\apache-maven-3.0.4\.m2\repository\org\apache\httpcomponents\httpmime\4.2.2\httpmime-4.2.2.jar;H:\IDE\MAVEN\apache-maven-3.0.4\.m2\repository\org\springframework\spring-test\3.0.5.RELEASE\spring-test-3.0.5.RELEASE.jar;H:\IDE\MAVEN\apache-maven-3.0.4\.m2\repository\org\springframework\spring-orm\3.0.5.RELEASE\spring-orm-3.0.5.RELEASE.jar;H:\IDE\MAVEN\apache-maven-3.0.4\.m2\repository\org\springframework\spring-jdbc\3.0.5.RELEASE\spring-jdbc-3.0.5.RELEASE.jar;H:\IDE\MAVEN\apache-maven-3.0.4\.m2\repository\org\springframework\spring-core\3.1.1.RELEASE\spring-core-3.1.1.RELEASE.jar;H:\IDE\MAVEN\apache-maven-3.0.4\.m2\repository\org\springframework\spring-asm\3.1.1.RELEASE\spring-asm-3.1.1.RELEASE.jar;H:\IDE\MAVEN\apache-maven-3.0.4\.m2\repository\org\springframework\spring-tx\3.1.1.RELEASE\spring-tx-3.1.1.RELEASE.jar;H:\IDE\MAVEN\apache-maven-3.0.4\.m2\repository\aopalliance\aopalliance\1.0\aopalliance-1.0.jar;H:\IDE\MAVEN\apache-maven-3.0.4\.m2\repository\org\springframework\spring-aop\3.1.1.RELEASE\spring-aop-3.1.1.RELEASE.jar;H:\IDE\MAVEN\apache-maven-3.0.4\.m2\repository\org\springframework\spring-context\3.1.1.RELEASE\spring-context-3.1.1.RELEASE.jar;H:\IDE\MAVEN\apache-maven-3.0.4\.m2\repository\org\springframework\spring-beans\3.1.1.RELEASE\spring-beans-3.1.1.RELEASE.jar;H:\IDE\MAVEN\apache-maven-3.0.4\.m2\repository\org\springframework\spring-webmvc\3.1.1.RELEASE\spring-webmvc-3.1.1.RELEASE.jar;H:\IDE\MAVEN\apache-maven-3.0.4\.m2\repository\org\springframework\spring-context-support\3.1.1.RELEASE\spring-context-support-3.1.1.RELEASE.jar;H:\IDE\MAVEN\apache-maven-3.0.4\.m2\repository\org\springframework\spring-expression\3.1.1.RELEASE\spring-expression-3.1.1.RELEASE.jar;H:\IDE\MAVEN\apache-maven-3.0.4\.m2\repository\org\springframework\spring-web\3.1.1.RELEASE\spring-web-3.1.1.RELEASE.jar;H:\IDE\MAVEN\apache-maven-3.0.4\.m2\repository\c3p0\c3p0\0.9.1.2\c3p0-0.9.1.2.jar;H:\IDE\MAVEN\apache-maven-3.0.4\.m2\repository\org\apache\velocity\velocity\1.6.2\velocity-1.6.2.jar;H:\IDE\MAVEN\apache-maven-3.0.4\.m2\repository\commons-collections\commons-collections\3.2.1\commons-collections-3.2.1.jar;H:\IDE\MAVEN\apache-maven-3.0.4\.m2\repository\commons-lang\commons-lang\2.4\commons-lang-2.4.jar;H:\IDE\MAVEN\apache-maven-3.0.4\.m2\repository\oro\oro\2.0.8\oro-2.0.8.jar;H:\IDE\MAVEN\apache-maven-3.0.4\.m2\repository\org\apache\velocity\velocity-tools\2.0\velocity-tools-2.0.jar;H:\IDE\MAVEN\apache-maven-3.0.4\.m2\repository\commons-beanutils\commons-beanutils\1.7.0\commons-beanutils-1.7.0.jar;H:\IDE\MAVEN\apache-maven-3.0.4\.m2\repository\commons-digester\commons-digester\1.8\commons-digester-1.8.jar;H:\IDE\MAVEN\apache-maven-3.0.4\.m2\repository\commons-chain\commons-chain\1.1\commons-chain-1.1.jar;H:\IDE\MAVEN\apache-maven-3.0.4\.m2\repository\commons-validator\commons-validator\1.3.1\commons-validator-1.3.1.jar;H:\IDE\MAVEN\apache-maven-3.0.4\.m2\repository\dom4j\dom4j\1.6.1\dom4j-1.6.1.jar;H:\IDE\MAVEN\apache-maven-3.0.4\.m2\repository\xml-apis\xml-apis\1.0.b2\xml-apis-1.0.b2.jar;H:\IDE\MAVEN\apache-maven-3.0.4\.m2\repository\org\hibernate\hibernate-core\3.6.5.Final\hibernate-core-3.6.5.Final.jar;H:\IDE\MAVEN\apache-maven-3.0.4\.m2\repository\antlr\antlr\2.7.6\antlr-2.7.6.jar;H:\IDE\MAVEN\apache-maven-3.0.4\.m2\repository\org\hibernate\hibernate-commons-annotations\3.2.0.Final\hibernate-commons-annotations-3.2.0.Final.jar;H:\IDE\MAVEN\apache-maven-3.0.4\.m2\repository\net\sf\ehcache\ehcache\1.2.4\ehcache-1.2.4.jar;H:\IDE\MAVEN\apache-maven-3.0.4\.m2\repository\org\hibernate\hibernate-validator\4.2.0.Final\hibernate-validator-4.2.0.Final.jar;H:\IDE\MAVEN\apache-maven-3.0.4\.m2\repository\javax\validation\validation-api\1.0.0.GA\validation-api-1.0.0.GA.jar;H:\IDE\MAVEN\apache-maven-3.0.4\.m2\repository\cglib\cglib-nodep\2.2.2\cglib-nodep-2.2.2.jar;H:\IDE\MAVEN\apache-maven-3.0.4\.m2\repository\org\javassist\javassist\3.15.0-GA\javassist-3.15.0-GA.jar;H:\IDE\MAVEN\apache-maven-3.0.4\.m2\repository\org\codehaus\jackson\jackson-core-lgpl\1.9.3\jackson-core-lgpl-1.9.3.jar;H:\IDE\MAVEN\apache-maven-3.0.4\.m2\repository\org\codehaus\jackson\jackson-mapper-lgpl\1.9.3\jackson-mapper-lgpl-1.9.3.jar;H:\IDE\MAVEN\apache-maven-3.0.4\.m2\repository\com\google\code\gson\gson\1.4\gson-1.4.jar;H:\IDE\MAVEN\apache-maven-3.0.4\.m2\repository\org\apache\solr\solr-solrj\3.5.0\solr-solrj-3.5.0.jar;H:\IDE\MAVEN\apache-maven-3.0.4\.m2\repository\commons-httpclient\commons-httpclient\3.1\commons-httpclient-3.1.jar;H:\IDE\MAVEN\apache-maven-3.0.4\.m2\repository\commons-io\commons-io\1.4\commons-io-1.4.jar;H:\IDE\MAVEN\apache-maven-3.0.4\.m2\repository\org\slf4j\jcl-over-slf4j\1.6.1\jcl-over-slf4j-1.6.1.jar;H:\IDE\MAVEN\apache-maven-3.0.4\.m2\repository\org\apache\poi\poi\3.8\poi-3.8.jar;H:\IDE\MAVEN\apache-maven-3.0.4\.m2\repository\org\apache\poi\poi-ooxml\3.8\poi-ooxml-3.8.jar;H:\IDE\MAVEN\apache-maven-3.0.4\.m2\repository\org\apache\poi\poi-ooxml-schemas\3.8\poi-ooxml-schemas-3.8.jar;H:\IDE\MAVEN\apache-maven-3.0.4\.m2\repository\org\apache\xmlbeans\xmlbeans\2.3.0\xmlbeans-2.3.0.jar;H:\IDE\MAVEN\apache-maven-3.0.4\.m2\repository\stax\stax-api\1.0.1\stax-api-1.0.1.jar;H:\IDE\MAVEN\apache-maven-3.0.4\.m2\repository\net\sf\opencsv\opencsv\2.3\opencsv-2.3.jar;H:\IDE\MAVEN\apache-maven-3.0.4\.m2\repository\commons-fileupload\commons-fileupload\1.2\commons-fileupload-1.2.jar;H:\IDE\MAVEN\apache-maven-3.0.4\.m2\repository\org\apache\ant\ant\1.7.1\ant-1.7.1.jar;H:\IDE\MAVEN\apache-maven-3.0.4\.m2\repository\org\apache\ant\ant-launcher\1.7.1\ant-launcher-1.7.1.jar;H:\IDE\MAVEN\apache-maven-3.0.4\.m2\repository\jfree\jfreechart\1.0.13\jfreechart-1.0.13.jar;H:\IDE\MAVEN\apache-maven-3.0.4\.m2\repository\jfree\jcommon\1.0.16\jcommon-1.0.16.jar;H:\IDE\MAVEN\apache-maven-3.0.4\.m2\repository\junit\junit\4.8.1\junit-4.8.1.jar;"/>
    <property name="java.vm.specification.version" value="1.0"/>
    <property name="sun.arch.data.model" value="64"/>
    <property name="java.home" value="C:\Program Files\Java\jdk1.6.0_41\jre"/>
    <property name="sun.java.command" value="H:\WORKSPACE\02\framework\target\surefire\surefirebooter2371978026368159881.jar H:\WORKSPACE\02\framework\target\surefire\surefire295043058679155720tmp H:\WORKSPACE\02\framework\target\surefire\surefire3212752154033841995tmp"/>
    <property name="java.specification.vendor" value="Sun Microsystems Inc."/>
    <property name="user.language" value="zh"/>
    <property name="awt.toolkit" value="sun.awt.windows.WToolkit"/>
    <property name="java.vm.info" value="mixed mode"/>
    <property name="java.version" value="1.6.0_41"/>
    <property name="java.ext.dirs" value="C:\Program Files\Java\jdk1.6.0_41\jre\lib\ext;C:\Windows\Sun\Java\lib\ext"/>
    <property name="sun.boot.class.path" value="C:\Program Files\Java\jdk1.6.0_41\jre\lib\resources.jar;C:\Program Files\Java\jdk1.6.0_41\jre\lib\rt.jar;C:\Program Files\Java\jdk1.6.0_41\jre\lib\sunrsasign.jar;C:\Program Files\Java\jdk1.6.0_41\jre\lib\jsse.jar;C:\Program Files\Java\jdk1.6.0_41\jre\lib\jce.jar;C:\Program Files\Java\jdk1.6.0_41\jre\lib\charsets.jar;C:\Program Files\Java\jdk1.6.0_41\jre\lib\modules\jdk.boot.jar;C:\Program Files\Java\jdk1.6.0_41\jre\classes"/>
    <property name="java.vendor" value="Sun Microsystems Inc."/>
    <property name="localRepository" value="H:\IDE\MAVEN\apache-maven-3.0.4\.m2\repository"/>
    <property name="file.separator" value="\"/>
    <property name="java.vendor.url.bug" value="http://java.sun.com/cgi-bin/bugreport.cgi"/>
    <property name="sun.cpu.endian" value="little"/>
    <property name="sun.io.unicode.encoding" value="UnicodeLittle"/>
    <property name="sun.desktop" value="windows"/>
    <property name="sun.cpu.isalist" value="amd64"/>
  </properties>
  <testcase time="0.001" classname="com.dreammore.framework.AppTest" name="testApp"/>
</testsuite>